This file contains any messages produced by compilers while
running configure, to aid debugging if configure makes a mistake.

It was created by LHAPDF configure 6.1.6, which was
generated by GNU Autoconf 2.69.  Invocation command line was

  $ ./configure --prefix=/afs/cern.ch/user/d/dsatco/herbvi6500

## --------- ##
## Platform. ##
## --------- ##

hostname = lxplus008.cern.ch
uname -m = x86_64
uname -r = 3.10.0-514.21.2.el7.x86_64
uname -s = Linux
uname -v = #1 SMP Tue Jun 20 12:24:47 UTC 2017

/usr/bin/uname -p = x86_64
/bin/uname -X     = unknown

/bin/arch              = x86_64
/usr/bin/arch -k       = unknown
/usr/convex/getsysinfo = unknown
/usr/bin/hostinfo      = unknown
/bin/machine           = unknown
/usr/bin/oslevel       = unknown
/bin/universe          = unknown

PATH: /afs/cern.ch/user/a/atlaspo/workspace/texlive/2011/bin/x86_64-linux
PATH: /afs/cern.ch/user/d/dsatco/cern_project/local/bin
PATH: /afs/cern.ch/user/d/dsatco/cern_project/local/lib/../bin
PATH: /cvmfs/sft.cern.ch/lcg/releases/LCG_85/gcc/4.9.3/x86_64-slc6-gcc49-opt/bin
PATH: /afs/cern.ch/atlas/scripts
PATH: /afs/cern.ch/user/d/dsatco/scripts
PATH: /usr/sue/bin
PATH: /usr/lib64/qt-3.3/bin
PATH: /usr/local/bin
PATH: /usr/bin
PATH: /usr/local/sbin
PATH: /usr/sbin
PATH: /opt/puppetlabs/bin
PATH: /afs/cern.ch/user/d/dsatco/bin


## ----------- ##
## Core tests. ##
## ----------- ##

configure:2541: checking for a BSD-compatible install
configure:2609: result: /usr/bin/install -c
configure:2620: checking whether build environment is sane
configure:2675: result: yes
configure:2826: checking for a thread-safe mkdir -p
configure:2865: result: /usr/bin/mkdir -p
configure:2872: checking for gawk
configure:2888: found /usr/bin/gawk
configure:2899: result: gawk
configure:2910: checking whether make sets $(MAKE)
configure:2932: result: yes
configure:2961: checking whether make supports nested variables
configure:2978: result: yes
configure:3115: checking whether make supports nested variables
configure:3132: result: yes
configure:3206: checking for sw_vers
configure:3236: result: no
configure:3402: checking for C++ compiler version
configure:3411: /cvmfs/sft.cern.ch/lcg/releases/LCG_85/gcc/4.9.3/x86_64-slc6-gcc49-opt/bin/g++ --version >&5
g++ (GCC) 4.9.3
Copyright (C) 2015 Free Software Foundation, Inc.
This is free software; see the source for copying conditions.  There is NO
warranty; not even for MERCHANTABILITY or FITNESS FOR A PARTICULAR PURPOSE.

configure:3422: $? = 0
configure:3411: /cvmfs/sft.cern.ch/lcg/releases/LCG_85/gcc/4.9.3/x86_64-slc6-gcc49-opt/bin/g++ -v >&5
Using built-in specs.
COLLECT_GCC=/cvmfs/sft.cern.ch/lcg/releases/LCG_85/gcc/4.9.3/x86_64-slc6-gcc49-opt/bin/g++
COLLECT_LTO_WRAPPER=/cvmfs/sft.cern.ch/lcg/contrib/gcc/4.9.3/x86_64-slc6/bin/../libexec/gcc/x86_64-unknown-linux-gnu/4.9.3/lto-wrapper
Target: x86_64-unknown-linux-gnu
Configured with: ../gcc-4.9.3/configure --prefix=/build/pmendez-sftnight/install-493/ --with-system-zlib --disable-multilib --enable-languages=all
Thread model: posix
gcc version 4.9.3 (GCC) 
configure:3422: $? = 0
configure:3411: /cvmfs/sft.cern.ch/lcg/releases/LCG_85/gcc/4.9.3/x86_64-slc6-gcc49-opt/bin/g++ -V >&5
g++: error: unrecognized command line option '-V'
g++: fatal error: no input files
compilation terminated.
configure:3422: $? = 1
configure:3411: /cvmfs/sft.cern.ch/lcg/releases/LCG_85/gcc/4.9.3/x86_64-slc6-gcc49-opt/bin/g++ -qversion >&5
g++: error: unrecognized command line option '-qversion'
g++: fatal error: no input files
compilation terminated.
configure:3422: $? = 1
configure:3442: checking whether the C++ compiler works
configure:3464: /cvmfs/sft.cern.ch/lcg/releases/LCG_85/gcc/4.9.3/x86_64-slc6-gcc49-opt/bin/g++ -O3   conftest.cpp  >&5
configure:3468: $? = 0
configure:3516: result: yes
configure:3519: checking for C++ compiler default output file name
configure:3521: result: a.out
configure:3527: checking for suffix of executables
configure:3534: /cvmfs/sft.cern.ch/lcg/releases/LCG_85/gcc/4.9.3/x86_64-slc6-gcc49-opt/bin/g++ -o conftest -O3   conftest.cpp  >&5
configure:3538: $? = 0
configure:3560: result: 
configure:3582: checking whether we are cross compiling
configure:3590: /cvmfs/sft.cern.ch/lcg/releases/LCG_85/gcc/4.9.3/x86_64-slc6-gcc49-opt/bin/g++ -o conftest -O3   conftest.cpp  >&5
configure:3594: $? = 0
configure:3601: ./conftest
configure:3605: $? = 0
configure:3620: result: no
configure:3625: checking for suffix of object files
configure:3647: /cvmfs/sft.cern.ch/lcg/releases/LCG_85/gcc/4.9.3/x86_64-slc6-gcc49-opt/bin/g++ -c -O3  conftest.cpp >&5
configure:3651: $? = 0
configure:3672: result: o
configure:3676: checking whether we are using the GNU C++ compiler
configure:3695: /cvmfs/sft.cern.ch/lcg/releases/LCG_85/gcc/4.9.3/x86_64-slc6-gcc49-opt/bin/g++ -c -O3  conftest.cpp >&5
configure:3695: $? = 0
configure:3704: result: yes
configure:3713: checking whether /cvmfs/sft.cern.ch/lcg/releases/LCG_85/gcc/4.9.3/x86_64-slc6-gcc49-opt/bin/g++ accepts -g
configure:3733: /cvmfs/sft.cern.ch/lcg/releases/LCG_85/gcc/4.9.3/x86_64-slc6-gcc49-opt/bin/g++ -c -g  conftest.cpp >&5
configure:3733: $? = 0
configure:3774: result: yes
configure:3808: checking for style of include used by make
configure:3836: result: GNU
configure:3862: checking dependency style of /cvmfs/sft.cern.ch/lcg/releases/LCG_85/gcc/4.9.3/x86_64-slc6-gcc49-opt/bin/g++
configure:3973: result: gcc3
configure:3991: checking whether to include C++11 flag for testing
configure:4130: result: no
configure:4182: checking for gcc
configure:4209: result: /cvmfs/sft.cern.ch/lcg/releases/LCG_85/gcc/4.9.3/x86_64-slc6-gcc49-opt/bin/gcc
configure:4438: checking for C compiler version
configure:4447: /cvmfs/sft.cern.ch/lcg/releases/LCG_85/gcc/4.9.3/x86_64-slc6-gcc49-opt/bin/gcc --version >&5
gcc (GCC) 4.9.3
Copyright (C) 2015 Free Software Foundation, Inc.
This is free software; see the source for copying conditions.  There is NO
warranty; not even for MERCHANTABILITY or FITNESS FOR A PARTICULAR PURPOSE.

configure:4458: $? = 0
configure:4447: /cvmfs/sft.cern.ch/lcg/releases/LCG_85/gcc/4.9.3/x86_64-slc6-gcc49-opt/bin/gcc -v >&5
Using built-in specs.
COLLECT_GCC=/cvmfs/sft.cern.ch/lcg/releases/LCG_85/gcc/4.9.3/x86_64-slc6-gcc49-opt/bin/gcc
COLLECT_LTO_WRAPPER=/cvmfs/sft.cern.ch/lcg/contrib/gcc/4.9.3/x86_64-slc6/bin/../libexec/gcc/x86_64-unknown-linux-gnu/4.9.3/lto-wrapper
Target: x86_64-unknown-linux-gnu
Configured with: ../gcc-4.9.3/configure --prefix=/build/pmendez-sftnight/install-493/ --with-system-zlib --disable-multilib --enable-languages=all
Thread model: posix
gcc version 4.9.3 (GCC) 
configure:4458: $? = 0
configure:4447: /cvmfs/sft.cern.ch/lcg/releases/LCG_85/gcc/4.9.3/x86_64-slc6-gcc49-opt/bin/gcc -V >&5
gcc: error: unrecognized command line option '-V'
gcc: fatal error: no input files
compilation terminated.
configure:4458: $? = 1
configure:4447: /cvmfs/sft.cern.ch/lcg/releases/LCG_85/gcc/4.9.3/x86_64-slc6-gcc49-opt/bin/gcc -qversion >&5
gcc: error: unrecognized command line option '-qversion'
gcc: fatal error: no input files
compilation terminated.
configure:4458: $? = 1
configure:4462: checking whether we are using the GNU C compiler
configure:4481: /cvmfs/sft.cern.ch/lcg/releases/LCG_85/gcc/4.9.3/x86_64-slc6-gcc49-opt/bin/gcc -c   conftest.c >&5
configure:4481: $? = 0
configure:4490: result: yes
configure:4499: checking whether /cvmfs/sft.cern.ch/lcg/releases/LCG_85/gcc/4.9.3/x86_64-slc6-gcc49-opt/bin/gcc accepts -g
configure:4519: /cvmfs/sft.cern.ch/lcg/releases/LCG_85/gcc/4.9.3/x86_64-slc6-gcc49-opt/bin/gcc -c -g  conftest.c >&5
configure:4519: $? = 0
configure:4560: result: yes
configure:4577: checking for /cvmfs/sft.cern.ch/lcg/releases/LCG_85/gcc/4.9.3/x86_64-slc6-gcc49-opt/bin/gcc option to accept ISO C89
configure:4640: /cvmfs/sft.cern.ch/lcg/releases/LCG_85/gcc/4.9.3/x86_64-slc6-gcc49-opt/bin/gcc  -c -g -O2  conftest.c >&5
configure:4640: $? = 0
configure:4653: result: none needed
configure:4678: checking whether /cvmfs/sft.cern.ch/lcg/releases/LCG_85/gcc/4.9.3/x86_64-slc6-gcc49-opt/bin/gcc understands -c and -o together
configure:4700: /cvmfs/sft.cern.ch/lcg/releases/LCG_85/gcc/4.9.3/x86_64-slc6-gcc49-opt/bin/gcc -c conftest.c -o conftest2.o
configure:4703: $? = 0
configure:4700: /cvmfs/sft.cern.ch/lcg/releases/LCG_85/gcc/4.9.3/x86_64-slc6-gcc49-opt/bin/gcc -c conftest.c -o conftest2.o
configure:4703: $? = 0
configure:4715: result: yes
configure:4734: checking dependency style of /cvmfs/sft.cern.ch/lcg/releases/LCG_85/gcc/4.9.3/x86_64-slc6-gcc49-opt/bin/gcc
configure:4845: result: gcc3
configure:4861: checking whether ln -s works
configure:4865: result: yes
configure:4901: checking build system type
configure:4915: result: x86_64-unknown-linux-gnu
configure:4935: checking host system type
configure:4948: result: x86_64-unknown-linux-gnu
configure:4989: checking how to print strings
configure:5016: result: printf
configure:5037: checking for a sed that does not truncate output
configure:5101: result: /usr/bin/sed
configure:5119: checking for grep that handles long lines and -e
configure:5177: result: /usr/bin/grep
configure:5182: checking for egrep
configure:5244: result: /usr/bin/grep -E
configure:5249: checking for fgrep
configure:5311: result: /usr/bin/grep -F
configure:5346: checking for ld used by /cvmfs/sft.cern.ch/lcg/releases/LCG_85/gcc/4.9.3/x86_64-slc6-gcc49-opt/bin/gcc
configure:5413: result: /usr/bin/ld
configure:5420: checking if the linker (/usr/bin/ld) is GNU ld
configure:5435: result: yes
configure:5447: checking for BSD- or MS-compatible name lister (nm)
configure:5496: result: /usr/bin/nm -B
configure:5626: checking the name lister (/usr/bin/nm -B) interface
configure:5633: /cvmfs/sft.cern.ch/lcg/releases/LCG_85/gcc/4.9.3/x86_64-slc6-gcc49-opt/bin/g++ -c -O3  conftest.cpp >&5
configure:5636: /usr/bin/nm -B "conftest.o"
configure:5639: output
0000000000000000 B some_variable
configure:5646: result: BSD nm
configure:5650: checking the maximum length of command line arguments
configure:5781: result: 1572864
configure:5798: checking whether the shell understands some XSI constructs
configure:5808: result: yes
configure:5812: checking whether the shell understands "+="
configure:5818: result: yes
configure:5853: checking how to convert x86_64-unknown-linux-gnu file names to x86_64-unknown-linux-gnu format
configure:5893: result: func_convert_file_noop
configure:5900: checking how to convert x86_64-unknown-linux-gnu file names to toolchain format
configure:5920: result: func_convert_file_noop
configure:5927: checking for /usr/bin/ld option to reload object files
configure:5934: result: -r
configure:6008: checking for objdump
configure:6024: found /usr/bin/objdump
configure:6035: result: objdump
configure:6067: checking how to recognize dependent libraries
configure:6265: result: pass_all
configure:6350: checking for dlltool
configure:6380: result: no
configure:6410: checking how to associate runtime and link libraries
configure:6437: result: printf %s\n
configure:6497: checking for ar
configure:6513: found /usr/bin/ar
configure:6524: result: ar
configure:6561: checking for archiver @FILE support
configure:6578: /cvmfs/sft.cern.ch/lcg/releases/LCG_85/gcc/4.9.3/x86_64-slc6-gcc49-opt/bin/g++ -c -O3  conftest.cpp >&5
configure:6578: $? = 0
configure:6581: ar cru libconftest.a @conftest.lst >&5
configure:6584: $? = 0
configure:6589: ar cru libconftest.a @conftest.lst >&5
ar: conftest.o: No such file or directory
configure:6592: $? = 1
configure:6604: result: @
configure:6662: checking for strip
configure:6678: found /usr/bin/strip
configure:6689: result: strip
configure:6761: checking for ranlib
configure:6777: found /usr/bin/ranlib
configure:6788: result: ranlib
configure:6890: checking command to parse /usr/bin/nm -B output from /cvmfs/sft.cern.ch/lcg/releases/LCG_85/gcc/4.9.3/x86_64-slc6-gcc49-opt/bin/gcc object
configure:7010: /cvmfs/sft.cern.ch/lcg/releases/LCG_85/gcc/4.9.3/x86_64-slc6-gcc49-opt/bin/g++ -c -O3  conftest.cpp >&5
configure:7013: $? = 0
configure:7017: /usr/bin/nm -B conftest.o \| sed -n -e 's/^.*[ ]\([ABCDGIRSTW][ABCDGIRSTW]*\)[ ][ ]*\([_A-Za-z][_A-Za-z0-9]*\)$/\1 \2 \2/p' | sed '/ __gnu_lto/d' \> conftest.nm
configure:7020: $? = 0
configure:7086: /cvmfs/sft.cern.ch/lcg/releases/LCG_85/gcc/4.9.3/x86_64-slc6-gcc49-opt/bin/g++ -o conftest -O3   conftest.cpp conftstm.o >&5
configure:7089: $? = 0
configure:7127: result: ok
configure:7164: checking for sysroot
configure:7194: result: no
configure:7272: /cvmfs/sft.cern.ch/lcg/releases/LCG_85/gcc/4.9.3/x86_64-slc6-gcc49-opt/bin/g++ -c -O3  conftest.cpp >&5
configure:7275: $? = 0
configure:7458: checking for mt
configure:7488: result: no
configure:7508: checking if : is a manifest tool
configure:7514: : '-?'
configure:7522: result: no
configure:8164: checking how to run the C preprocessor
configure:8195: /cvmfs/sft.cern.ch/lcg/releases/LCG_85/gcc/4.9.3/x86_64-slc6-gcc49-opt/bin/gcc -E  conftest.c
configure:8195: $? = 0
configure:8209: /cvmfs/sft.cern.ch/lcg/releases/LCG_85/gcc/4.9.3/x86_64-slc6-gcc49-opt/bin/gcc -E  conftest.c
conftest.c:13:28: fatal error: ac_nonexistent.h: No such file or directory
 #include <ac_nonexistent.h>
                            ^
compilation terminated.
configure:8209: $? = 1
configure: failed program was:
| /* confdefs.h */
| #define PACKAGE_NAME "LHAPDF"
| #define PACKAGE_TARNAME "LHAPDF"
| #define PACKAGE_VERSION "6.1.6"
| #define PACKAGE_STRING "LHAPDF 6.1.6"
| #define PACKAGE_BUGREPORT "lhapdf@projects.hepforge.org"
| #define PACKAGE_URL ""
| #define PACKAGE "LHAPDF"
| #define VERSION "6.1.6"
| #define LHAPDF_VERSION "6.1.6"
| #define LHAPDF_VERSION_CODE 60106
| /* end confdefs.h.  */
| #include <ac_nonexistent.h>
configure:8234: result: /cvmfs/sft.cern.ch/lcg/releases/LCG_85/gcc/4.9.3/x86_64-slc6-gcc49-opt/bin/gcc -E
configure:8254: /cvmfs/sft.cern.ch/lcg/releases/LCG_85/gcc/4.9.3/x86_64-slc6-gcc49-opt/bin/gcc -E  conftest.c
configure:8254: $? = 0
configure:8268: /cvmfs/sft.cern.ch/lcg/releases/LCG_85/gcc/4.9.3/x86_64-slc6-gcc49-opt/bin/gcc -E  conftest.c
conftest.c:13:28: fatal error: ac_nonexistent.h: No such file or directory
 #include <ac_nonexistent.h>
                            ^
compilation terminated.
configure:8268: $? = 1
configure: failed program was:
| /* confdefs.h */
| #define PACKAGE_NAME "LHAPDF"
| #define PACKAGE_TARNAME "LHAPDF"
| #define PACKAGE_VERSION "6.1.6"
| #define PACKAGE_STRING "LHAPDF 6.1.6"
| #define PACKAGE_BUGREPORT "lhapdf@projects.hepforge.org"
| #define PACKAGE_URL ""
| #define PACKAGE "LHAPDF"
| #define VERSION "6.1.6"
| #define LHAPDF_VERSION "6.1.6"
| #define LHAPDF_VERSION_CODE 60106
| /* end confdefs.h.  */
| #include <ac_nonexistent.h>
configure:8297: checking for ANSI C header files
configure:8317: /cvmfs/sft.cern.ch/lcg/releases/LCG_85/gcc/4.9.3/x86_64-slc6-gcc49-opt/bin/gcc -c -g -O2  conftest.c >&5
configure:8317: $? = 0
configure:8390: /cvmfs/sft.cern.ch/lcg/releases/LCG_85/gcc/4.9.3/x86_64-slc6-gcc49-opt/bin/gcc -o conftest -g -O2   conftest.c  >&5
configure:8390: $? = 0
configure:8390: ./conftest
configure:8390: $? = 0
configure:8401: result: yes
configure:8414: checking for sys/types.h
configure:8414: /cvmfs/sft.cern.ch/lcg/releases/LCG_85/gcc/4.9.3/x86_64-slc6-gcc49-opt/bin/gcc -c -g -O2  conftest.c >&5
configure:8414: $? = 0
configure:8414: result: yes
configure:8414: checking for sys/stat.h
configure:8414: /cvmfs/sft.cern.ch/lcg/releases/LCG_85/gcc/4.9.3/x86_64-slc6-gcc49-opt/bin/gcc -c -g -O2  conftest.c >&5
configure:8414: $? = 0
configure:8414: result: yes
configure:8414: checking for stdlib.h
configure:8414: /cvmfs/sft.cern.ch/lcg/releases/LCG_85/gcc/4.9.3/x86_64-slc6-gcc49-opt/bin/gcc -c -g -O2  conftest.c >&5
configure:8414: $? = 0
configure:8414: result: yes
configure:8414: checking for string.h
configure:8414: /cvmfs/sft.cern.ch/lcg/releases/LCG_85/gcc/4.9.3/x86_64-slc6-gcc49-opt/bin/gcc -c -g -O2  conftest.c >&5
configure:8414: $? = 0
configure:8414: result: yes
configure:8414: checking for memory.h
configure:8414: /cvmfs/sft.cern.ch/lcg/releases/LCG_85/gcc/4.9.3/x86_64-slc6-gcc49-opt/bin/gcc -c -g -O2  conftest.c >&5
configure:8414: $? = 0
configure:8414: result: yes
configure:8414: checking for strings.h
configure:8414: /cvmfs/sft.cern.ch/lcg/releases/LCG_85/gcc/4.9.3/x86_64-slc6-gcc49-opt/bin/gcc -c -g -O2  conftest.c >&5
configure:8414: $? = 0
configure:8414: result: yes
configure:8414: checking for inttypes.h
configure:8414: /cvmfs/sft.cern.ch/lcg/releases/LCG_85/gcc/4.9.3/x86_64-slc6-gcc49-opt/bin/gcc -c -g -O2  conftest.c >&5
configure:8414: $? = 0
configure:8414: result: yes
configure:8414: checking for stdint.h
configure:8414: /cvmfs/sft.cern.ch/lcg/releases/LCG_85/gcc/4.9.3/x86_64-slc6-gcc49-opt/bin/gcc -c -g -O2  conftest.c >&5
configure:8414: $? = 0
configure:8414: result: yes
configure:8414: checking for unistd.h
configure:8414: /cvmfs/sft.cern.ch/lcg/releases/LCG_85/gcc/4.9.3/x86_64-slc6-gcc49-opt/bin/gcc -c -g -O2  conftest.c >&5
configure:8414: $? = 0
configure:8414: result: yes
configure:8428: checking for dlfcn.h
configure:8428: /cvmfs/sft.cern.ch/lcg/releases/LCG_85/gcc/4.9.3/x86_64-slc6-gcc49-opt/bin/gcc -c -g -O2  conftest.c >&5
configure:8428: $? = 0
configure:8428: result: yes
configure:8644: checking for objdir
configure:8659: result: .libs
configure:8930: checking if /cvmfs/sft.cern.ch/lcg/releases/LCG_85/gcc/4.9.3/x86_64-slc6-gcc49-opt/bin/gcc supports -fno-rtti -fno-exceptions
configure:8948: /cvmfs/sft.cern.ch/lcg/releases/LCG_85/gcc/4.9.3/x86_64-slc6-gcc49-opt/bin/gcc -c -g -O2  -fno-rtti -fno-exceptions conftest.c >&5
cc1: warning: command line option '-fno-rtti' is valid for C++/ObjC++ but not for C
configure:8952: $? = 0
configure:8965: result: no
configure:9292: checking for /cvmfs/sft.cern.ch/lcg/releases/LCG_85/gcc/4.9.3/x86_64-slc6-gcc49-opt/bin/gcc option to produce PIC
configure:9299: result: -fPIC -DPIC
configure:9307: checking if /cvmfs/sft.cern.ch/lcg/releases/LCG_85/gcc/4.9.3/x86_64-slc6-gcc49-opt/bin/gcc PIC flag -fPIC -DPIC works
configure:9325: /cvmfs/sft.cern.ch/lcg/releases/LCG_85/gcc/4.9.3/x86_64-slc6-gcc49-opt/bin/gcc -c -g -O2  -fPIC -DPIC -DPIC conftest.c >&5
configure:9329: $? = 0
configure:9342: result: yes
configure:9371: checking if /cvmfs/sft.cern.ch/lcg/releases/LCG_85/gcc/4.9.3/x86_64-slc6-gcc49-opt/bin/gcc static flag -static works
configure:9399: result: yes
configure:9414: checking if /cvmfs/sft.cern.ch/lcg/releases/LCG_85/gcc/4.9.3/x86_64-slc6-gcc49-opt/bin/gcc supports -c -o file.o
configure:9435: /cvmfs/sft.cern.ch/lcg/releases/LCG_85/gcc/4.9.3/x86_64-slc6-gcc49-opt/bin/gcc -c -g -O2  -o out/conftest2.o conftest.c >&5
configure:9439: $? = 0
configure:9461: result: yes
configure:9469: checking if /cvmfs/sft.cern.ch/lcg/releases/LCG_85/gcc/4.9.3/x86_64-slc6-gcc49-opt/bin/gcc supports -c -o file.o
configure:9516: result: yes
configure:9549: checking whether the /cvmfs/sft.cern.ch/lcg/releases/LCG_85/gcc/4.9.3/x86_64-slc6-gcc49-opt/bin/gcc linker (/usr/bin/ld -m elf_x86_64) supports shared libraries
configure:10706: result: yes
configure:10743: checking whether -lc should be explicitly linked in
configure:10751: /cvmfs/sft.cern.ch/lcg/releases/LCG_85/gcc/4.9.3/x86_64-slc6-gcc49-opt/bin/gcc -c -g -O2  conftest.c >&5
configure:10754: $? = 0
configure:10769: /cvmfs/sft.cern.ch/lcg/releases/LCG_85/gcc/4.9.3/x86_64-slc6-gcc49-opt/bin/gcc -shared  -fPIC -DPIC conftest.o  -v -Wl,-soname -Wl,conftest -o conftest 2\>\&1 \| /usr/bin/grep  -lc  \>/dev/null 2\>\&1
configure:10772: $? = 0
configure:10786: result: no
configure:10946: checking dynamic linker characteristics
configure:11446: /cvmfs/sft.cern.ch/lcg/releases/LCG_85/gcc/4.9.3/x86_64-slc6-gcc49-opt/bin/gcc -o conftest -g -O2   -Wl,-rpath -Wl,/foo conftest.c  >&5
configure:11446: $? = 0
configure:11680: result: GNU/Linux ld.so
configure:11787: checking how to hardcode library paths into programs
configure:11812: result: immediate
configure:12352: checking whether stripping libraries is possible
configure:12357: result: yes
configure:12392: checking if libtool supports shared libraries
configure:12394: result: yes
configure:12397: checking whether to build shared libraries
configure:12418: result: yes
configure:12421: checking whether to build static libraries
configure:12425: result: yes
configure:12448: checking how to run the C++ preprocessor
configure:12475: /cvmfs/sft.cern.ch/lcg/releases/LCG_85/gcc/4.9.3/x86_64-slc6-gcc49-opt/bin/g++ -E  conftest.cpp
configure:12475: $? = 0
configure:12489: /cvmfs/sft.cern.ch/lcg/releases/LCG_85/gcc/4.9.3/x86_64-slc6-gcc49-opt/bin/g++ -E  conftest.cpp
conftest.cpp:25:28: fatal error: ac_nonexistent.h: No such file or directory
 #include <ac_nonexistent.h>
                            ^
compilation terminated.
configure:12489: $? = 1
configure: failed program was:
| /* confdefs.h */
| #define PACKAGE_NAME "LHAPDF"
| #define PACKAGE_TARNAME "LHAPDF"
| #define PACKAGE_VERSION "6.1.6"
| #define PACKAGE_STRING "LHAPDF 6.1.6"
| #define PACKAGE_BUGREPORT "lhapdf@projects.hepforge.org"
| #define PACKAGE_URL ""
| #define PACKAGE "LHAPDF"
| #define VERSION "6.1.6"
| #define LHAPDF_VERSION "6.1.6"
| #define LHAPDF_VERSION_CODE 60106
| #define STDC_HEADERS 1
| #define HAVE_SYS_TYPES_H 1
| #define HAVE_SYS_STAT_H 1
| #define HAVE_STDLIB_H 1
| #define HAVE_STRING_H 1
| #define HAVE_MEMORY_H 1
| #define HAVE_STRINGS_H 1
| #define HAVE_INTTYPES_H 1
| #define HAVE_STDINT_H 1
| #define HAVE_UNISTD_H 1
| #define HAVE_DLFCN_H 1
| #define LT_OBJDIR ".libs/"
| /* end confdefs.h.  */
| #include <ac_nonexistent.h>
configure:12514: result: /cvmfs/sft.cern.ch/lcg/releases/LCG_85/gcc/4.9.3/x86_64-slc6-gcc49-opt/bin/g++ -E
configure:12534: /cvmfs/sft.cern.ch/lcg/releases/LCG_85/gcc/4.9.3/x86_64-slc6-gcc49-opt/bin/g++ -E  conftest.cpp
configure:12534: $? = 0
configure:12548: /cvmfs/sft.cern.ch/lcg/releases/LCG_85/gcc/4.9.3/x86_64-slc6-gcc49-opt/bin/g++ -E  conftest.cpp
conftest.cpp:25:28: fatal error: ac_nonexistent.h: No such file or directory
 #include <ac_nonexistent.h>
                            ^
compilation terminated.
configure:12548: $? = 1
configure: failed program was:
| /* confdefs.h */
| #define PACKAGE_NAME "LHAPDF"
| #define PACKAGE_TARNAME "LHAPDF"
| #define PACKAGE_VERSION "6.1.6"
| #define PACKAGE_STRING "LHAPDF 6.1.6"
| #define PACKAGE_BUGREPORT "lhapdf@projects.hepforge.org"
| #define PACKAGE_URL ""
| #define PACKAGE "LHAPDF"
| #define VERSION "6.1.6"
| #define LHAPDF_VERSION "6.1.6"
| #define LHAPDF_VERSION_CODE 60106
| #define STDC_HEADERS 1
| #define HAVE_SYS_TYPES_H 1
| #define HAVE_SYS_STAT_H 1
| #define HAVE_STDLIB_H 1
| #define HAVE_STRING_H 1
| #define HAVE_MEMORY_H 1
| #define HAVE_STRINGS_H 1
| #define HAVE_INTTYPES_H 1
| #define HAVE_STDINT_H 1
| #define HAVE_UNISTD_H 1
| #define HAVE_DLFCN_H 1
| #define LT_OBJDIR ".libs/"
| /* end confdefs.h.  */
| #include <ac_nonexistent.h>
configure:12717: checking for ld used by /cvmfs/sft.cern.ch/lcg/releases/LCG_85/gcc/4.9.3/x86_64-slc6-gcc49-opt/bin/g++
configure:12784: result: /usr/bin/ld -m elf_x86_64
configure:12791: checking if the linker (/usr/bin/ld -m elf_x86_64) is GNU ld
configure:12806: result: yes
configure:12861: checking whether the /cvmfs/sft.cern.ch/lcg/releases/LCG_85/gcc/4.9.3/x86_64-slc6-gcc49-opt/bin/g++ linker (/usr/bin/ld -m elf_x86_64) supports shared libraries
configure:13863: result: yes
configure:13899: /cvmfs/sft.cern.ch/lcg/releases/LCG_85/gcc/4.9.3/x86_64-slc6-gcc49-opt/bin/g++ -c -O3  conftest.cpp >&5
configure:13902: $? = 0
configure:14422: checking for /cvmfs/sft.cern.ch/lcg/releases/LCG_85/gcc/4.9.3/x86_64-slc6-gcc49-opt/bin/g++ option to produce PIC
configure:14429: result: -fPIC -DPIC
configure:14437: checking if /cvmfs/sft.cern.ch/lcg/releases/LCG_85/gcc/4.9.3/x86_64-slc6-gcc49-opt/bin/g++ PIC flag -fPIC -DPIC works
configure:14455: /cvmfs/sft.cern.ch/lcg/releases/LCG_85/gcc/4.9.3/x86_64-slc6-gcc49-opt/bin/g++ -c -O3  -fPIC -DPIC -DPIC conftest.cpp >&5
configure:14459: $? = 0
configure:14472: result: yes
configure:14495: checking if /cvmfs/sft.cern.ch/lcg/releases/LCG_85/gcc/4.9.3/x86_64-slc6-gcc49-opt/bin/g++ static flag -static works
configure:14523: result: yes
configure:14535: checking if /cvmfs/sft.cern.ch/lcg/releases/LCG_85/gcc/4.9.3/x86_64-slc6-gcc49-opt/bin/g++ supports -c -o file.o
configure:14556: /cvmfs/sft.cern.ch/lcg/releases/LCG_85/gcc/4.9.3/x86_64-slc6-gcc49-opt/bin/g++ -c -O3  -o out/conftest2.o conftest.cpp >&5
configure:14560: $? = 0
configure:14582: result: yes
configure:14587: checking if /cvmfs/sft.cern.ch/lcg/releases/LCG_85/gcc/4.9.3/x86_64-slc6-gcc49-opt/bin/g++ supports -c -o file.o
configure:14634: result: yes
configure:14664: checking whether the /cvmfs/sft.cern.ch/lcg/releases/LCG_85/gcc/4.9.3/x86_64-slc6-gcc49-opt/bin/g++ linker (/usr/bin/ld -m elf_x86_64) supports shared libraries
configure:14703: result: yes
configure:14844: checking dynamic linker characteristics
configure:15512: result: GNU/Linux ld.so
configure:15565: checking how to hardcode library paths into programs
configure:15590: result: immediate
configure:15669: Building LHAGLUE Fortran wrappers
configure:15672: Building LHAGLUE C++ wrappers
configure:15715: checking for pdflatex
configure:15733: found /afs/cern.ch/user/a/atlaspo/workspace/texlive/2011/bin/x86_64-linux/pdflatex
configure:15745: result: /afs/cern.ch/user/a/atlaspo/workspace/texlive/2011/bin/x86_64-linux/pdflatex
configure:15766: checking for doxygen
configure:15784: found /usr/bin/doxygen
configure:15796: result: /usr/bin/doxygen
configure:15825: checking for python
configure:15843: found /usr/bin/python
configure:15855: result: /usr/bin/python
configure:15932: checking for python version
configure:15939: result: 2.7
configure:15951: checking for python platform
configure:15958: result: linux2
configure:15984: checking for python script directory
configure:16019: result: ${prefix}/lib/python2.7/site-packages
configure:16028: checking for python extension module directory
configure:16063: result: ${exec_prefix}/lib64/python2.7/site-packages
configure:16079: checking for Cython >= 0.19
configure:16113: result: yes
configure:16125: Cython >= 0.19 found: Python extension source can be rebuilt (for developers)
configure:16157: checking if the /cvmfs/sft.cern.ch/lcg/releases/LCG_85/gcc/4.9.3/x86_64-slc6-gcc49-opt/bin/g++ compiler accepts the -pedantic flag
configure:16173: result: yes
configure:16196: checking if the /cvmfs/sft.cern.ch/lcg/releases/LCG_85/gcc/4.9.3/x86_64-slc6-gcc49-opt/bin/g++ compiler accepts the -Wall flag
configure:16212: result: yes
configure:16235: checking if the /cvmfs/sft.cern.ch/lcg/releases/LCG_85/gcc/4.9.3/x86_64-slc6-gcc49-opt/bin/g++ compiler accepts the -Wno-long-long flag
configure:16251: result: yes
configure:16274: checking if the /cvmfs/sft.cern.ch/lcg/releases/LCG_85/gcc/4.9.3/x86_64-slc6-gcc49-opt/bin/g++ compiler accepts the -Qunused-arguments flag
configure:16290: result: no
configure: this is boost.m4 serial 25
configure:16345: checking for Boost headers version >= 1.41.0
configure:16416: /cvmfs/sft.cern.ch/lcg/releases/LCG_85/gcc/4.9.3/x86_64-slc6-gcc49-opt/bin/g++ -c -O3  -I/afs/cern.ch/user/d/dsatco/herbvi6500/include conftest.cpp >&5
configure:16416: $? = 0
configure:16437: result: yes
configure:16456: checking for Boost's header version
configure:16486: result: 1_53
configure:16509: checking boost/foreach.hpp usability
configure:16509: /cvmfs/sft.cern.ch/lcg/releases/LCG_85/gcc/4.9.3/x86_64-slc6-gcc49-opt/bin/g++ -c -O3  -I/afs/cern.ch/user/d/dsatco/herbvi6500/include  conftest.cpp >&5
configure:16509: $? = 0
configure:16509: result: yes
configure:16509: checking boost/foreach.hpp presence
configure:16509: /cvmfs/sft.cern.ch/lcg/releases/LCG_85/gcc/4.9.3/x86_64-slc6-gcc49-opt/bin/g++ -E  -I/afs/cern.ch/user/d/dsatco/herbvi6500/include  conftest.cpp
configure:16509: $? = 0
configure:16509: result: yes
configure:16509: checking for boost/foreach.hpp
configure:16509: result: yes
configure:16539: checking boost/scoped_ptr.hpp usability
configure:16539: /cvmfs/sft.cern.ch/lcg/releases/LCG_85/gcc/4.9.3/x86_64-slc6-gcc49-opt/bin/g++ -c -O3  -I/afs/cern.ch/user/d/dsatco/herbvi6500/include  conftest.cpp >&5
configure:16539: $? = 0
configure:16539: result: yes
configure:16539: checking boost/scoped_ptr.hpp presence
configure:16539: /cvmfs/sft.cern.ch/lcg/releases/LCG_85/gcc/4.9.3/x86_64-slc6-gcc49-opt/bin/g++ -E  -I/afs/cern.ch/user/d/dsatco/herbvi6500/include  conftest.cpp
configure:16539: $? = 0
configure:16539: result: yes
configure:16539: checking for boost/scoped_ptr.hpp
configure:16539: result: yes
configure:16568: checking boost/shared_ptr.hpp usability
configure:16568: /cvmfs/sft.cern.ch/lcg/releases/LCG_85/gcc/4.9.3/x86_64-slc6-gcc49-opt/bin/g++ -c -O3  -I/afs/cern.ch/user/d/dsatco/herbvi6500/include  conftest.cpp >&5
configure:16568: $? = 0
configure:16568: result: yes
configure:16568: checking boost/shared_ptr.hpp presence
configure:16568: /cvmfs/sft.cern.ch/lcg/releases/LCG_85/gcc/4.9.3/x86_64-slc6-gcc49-opt/bin/g++ -E  -I/afs/cern.ch/user/d/dsatco/herbvi6500/include  conftest.cpp
configure:16568: $? = 0
configure:16568: result: yes
configure:16568: checking for boost/shared_ptr.hpp
configure:16568: result: yes
configure:16599: checking boost/algorithm/string.hpp usability
configure:16599: /cvmfs/sft.cern.ch/lcg/releases/LCG_85/gcc/4.9.3/x86_64-slc6-gcc49-opt/bin/g++ -c -O3  -I/afs/cern.ch/user/d/dsatco/herbvi6500/include  conftest.cpp >&5
configure:16599: $? = 0
configure:16599: result: yes
configure:16599: checking boost/algorithm/string.hpp presence
configure:16599: /cvmfs/sft.cern.ch/lcg/releases/LCG_85/gcc/4.9.3/x86_64-slc6-gcc49-opt/bin/g++ -E  -I/afs/cern.ch/user/d/dsatco/herbvi6500/include  conftest.cpp
configure:16599: $? = 0
configure:16599: result: yes
configure:16599: checking for boost/algorithm/string.hpp
configure:16599: result: yes
configure:16630: checking boost/lexical_cast.hpp usability
configure:16630: /cvmfs/sft.cern.ch/lcg/releases/LCG_85/gcc/4.9.3/x86_64-slc6-gcc49-opt/bin/g++ -c -O3  -I/afs/cern.ch/user/d/dsatco/herbvi6500/include  conftest.cpp >&5
configure:16630: $? = 0
configure:16630: result: yes
configure:16630: checking boost/lexical_cast.hpp presence
configure:16630: /cvmfs/sft.cern.ch/lcg/releases/LCG_85/gcc/4.9.3/x86_64-slc6-gcc49-opt/bin/g++ -E  -I/afs/cern.ch/user/d/dsatco/herbvi6500/include  conftest.cpp
configure:16630: $? = 0
configure:16630: result: yes
configure:16630: checking for boost/lexical_cast.hpp
configure:16630: result: yes
configure:16659: checking boost/range.hpp usability
configure:16659: /cvmfs/sft.cern.ch/lcg/releases/LCG_85/gcc/4.9.3/x86_64-slc6-gcc49-opt/bin/g++ -c -O3  -I/afs/cern.ch/user/d/dsatco/herbvi6500/include  conftest.cpp >&5
configure:16659: $? = 0
configure:16659: result: yes
configure:16659: checking boost/range.hpp presence
configure:16659: /cvmfs/sft.cern.ch/lcg/releases/LCG_85/gcc/4.9.3/x86_64-slc6-gcc49-opt/bin/g++ -E  -I/afs/cern.ch/user/d/dsatco/herbvi6500/include  conftest.cpp
configure:16659: $? = 0
configure:16659: result: yes
configure:16659: checking for boost/range.hpp
configure:16659: result: yes
configure:16688: checking boost/bind.hpp usability
configure:16688: /cvmfs/sft.cern.ch/lcg/releases/LCG_85/gcc/4.9.3/x86_64-slc6-gcc49-opt/bin/g++ -c -O3  -I/afs/cern.ch/user/d/dsatco/herbvi6500/include  conftest.cpp >&5
configure:16688: $? = 0
configure:16688: result: yes
configure:16688: checking boost/bind.hpp presence
configure:16688: /cvmfs/sft.cern.ch/lcg/releases/LCG_85/gcc/4.9.3/x86_64-slc6-gcc49-opt/bin/g++ -E  -I/afs/cern.ch/user/d/dsatco/herbvi6500/include  conftest.cpp
configure:16688: $? = 0
configure:16688: result: yes
configure:16688: checking for boost/bind.hpp
configure:16688: result: yes
configure:16717: checking boost/random.hpp usability
configure:16717: /cvmfs/sft.cern.ch/lcg/releases/LCG_85/gcc/4.9.3/x86_64-slc6-gcc49-opt/bin/g++ -c -O3  -I/afs/cern.ch/user/d/dsatco/herbvi6500/include  conftest.cpp >&5
configure:16717: $? = 0
configure:16717: result: yes
configure:16717: checking boost/random.hpp presence
configure:16717: /cvmfs/sft.cern.ch/lcg/releases/LCG_85/gcc/4.9.3/x86_64-slc6-gcc49-opt/bin/g++ -E  -I/afs/cern.ch/user/d/dsatco/herbvi6500/include  conftest.cpp
configure:16717: $? = 0
configure:16717: result: yes
configure:16717: checking for boost/random.hpp
configure:16717: result: yes
configure:16746: checking boost/math/distributions/chi_squared.hpp usability
configure:16746: /cvmfs/sft.cern.ch/lcg/releases/LCG_85/gcc/4.9.3/x86_64-slc6-gcc49-opt/bin/g++ -c -O3  -I/afs/cern.ch/user/d/dsatco/herbvi6500/include  conftest.cpp >&5
configure:16746: $? = 0
configure:16746: result: yes
configure:16746: checking boost/math/distributions/chi_squared.hpp presence
configure:16746: /cvmfs/sft.cern.ch/lcg/releases/LCG_85/gcc/4.9.3/x86_64-slc6-gcc49-opt/bin/g++ -E  -I/afs/cern.ch/user/d/dsatco/herbvi6500/include  conftest.cpp
configure:16746: $? = 0
configure:16746: result: yes
configure:16746: checking for boost/math/distributions/chi_squared.hpp
configure:16746: result: yes
configure:16775: checking boost/math/special_functions/erf.hpp usability
configure:16775: /cvmfs/sft.cern.ch/lcg/releases/LCG_85/gcc/4.9.3/x86_64-slc6-gcc49-opt/bin/g++ -c -O3  -I/afs/cern.ch/user/d/dsatco/herbvi6500/include  conftest.cpp >&5
configure:16775: $? = 0
configure:16775: result: yes
configure:16775: checking boost/math/special_functions/erf.hpp presence
configure:16775: /cvmfs/sft.cern.ch/lcg/releases/LCG_85/gcc/4.9.3/x86_64-slc6-gcc49-opt/bin/g++ -E  -I/afs/cern.ch/user/d/dsatco/herbvi6500/include  conftest.cpp
configure:16775: $? = 0
configure:16775: result: yes
configure:16775: checking for boost/math/special_functions/erf.hpp
configure:16775: result: yes
configure:16796: checking if boost rvalue bug is present
configure:16834: /cvmfs/sft.cern.ch/lcg/releases/LCG_85/gcc/4.9.3/x86_64-slc6-gcc49-opt/bin/g++ -o conftest -O3  -I/afs/cern.ch/user/d/dsatco/herbvi6500/include   -L/afs/cern.ch/user/d/dsatco/herbvi6500/lib conftest.cpp  >&5
configure:16834: $? = 0
configure:16834: ./conftest
configure:16834: $? = 0
configure:16836: result: no
configure:16996: checking that generated files are newer than configure
configure:17002: result: done
configure:17057: creating ./config.status

## ---------------------- ##
## Running config.status. ##
## ---------------------- ##

This file was extended by LHAPDF config.status 6.1.6, which was
generated by GNU Autoconf 2.69.  Invocation command line was

  CONFIG_FILES    = 
  CONFIG_HEADERS  = 
  CONFIG_LINKS    = 
  CONFIG_COMMANDS = 
  $ ./config.status 

on lxplus008.cern.ch

config.status:1207: creating Makefile
config.status:1207: creating src/Makefile
config.status:1207: creating src/yamlcpp/Makefile
config.status:1207: creating include/Makefile
config.status:1207: creating include/LHAPDF/Makefile
config.status:1207: creating examples/Makefile
config.status:1207: creating tests/Makefile
config.status:1207: creating doc/Makefile
config.status:1207: creating doc/Doxyfile
config.status:1207: creating lhapdf
config.status:1207: creating lhapdf-config
config.status:1207: creating lhapdf.pc
config.status:1207: creating wrappers/Makefile
config.status:1207: creating wrappers/python/Makefile
config.status:1207: creating wrappers/python/setup.py
config.status:1207: creating config/config.h
config.status:1207: creating include/LHAPDF/Version.h
config.status:1388: include/LHAPDF/Version.h is unchanged
config.status:1436: executing depfiles commands
config.status:1436: executing libtool commands

## ---------------- ##
## Cache variables. ##
## ---------------- ##

ac_cv_build=x86_64-unknown-linux-gnu
ac_cv_c_compiler_gnu=yes
ac_cv_cxx_compiler_gnu=yes
ac_cv_env_BOOST_ROOT_set=
ac_cv_env_BOOST_ROOT_value=
ac_cv_env_CCC_set=
ac_cv_env_CCC_value=
ac_cv_env_CC_set=set
ac_cv_env_CC_value=/cvmfs/sft.cern.ch/lcg/releases/LCG_85/gcc/4.9.3/x86_64-slc6-gcc49-opt/bin/gcc
ac_cv_env_CFLAGS_set=
ac_cv_env_CFLAGS_value=
ac_cv_env_CPPFLAGS_set=
ac_cv_env_CPPFLAGS_value=
ac_cv_env_CPP_set=
ac_cv_env_CPP_value=
ac_cv_env_CXXCPP_set=
ac_cv_env_CXXCPP_value=
ac_cv_env_CXXFLAGS_set=
ac_cv_env_CXXFLAGS_value=
ac_cv_env_CXX_set=set
ac_cv_env_CXX_value=/cvmfs/sft.cern.ch/lcg/releases/LCG_85/gcc/4.9.3/x86_64-slc6-gcc49-opt/bin/g++
ac_cv_env_LDFLAGS_set=
ac_cv_env_LDFLAGS_value=
ac_cv_env_LIBS_set=
ac_cv_env_LIBS_value=
ac_cv_env_PYTHON_set=
ac_cv_env_PYTHON_value=
ac_cv_env_build_alias_set=
ac_cv_env_build_alias_value=
ac_cv_env_host_alias_set=
ac_cv_env_host_alias_value=
ac_cv_env_target_alias_set=
ac_cv_env_target_alias_value=
ac_cv_header_boost_algorithm_string_hpp=yes
ac_cv_header_boost_bind_hpp=yes
ac_cv_header_boost_foreach_hpp=yes
ac_cv_header_boost_lexical_cast_hpp=yes
ac_cv_header_boost_math_distributions_chi_squared_hpp=yes
ac_cv_header_boost_math_special_functions_erf_hpp=yes
ac_cv_header_boost_random_hpp=yes
ac_cv_header_boost_range_hpp=yes
ac_cv_header_boost_scoped_ptr_hpp=yes
ac_cv_header_boost_shared_ptr_hpp=yes
ac_cv_header_dlfcn_h=yes
ac_cv_header_inttypes_h=yes
ac_cv_header_memory_h=yes
ac_cv_header_stdc=yes
ac_cv_header_stdint_h=yes
ac_cv_header_stdlib_h=yes
ac_cv_header_string_h=yes
ac_cv_header_strings_h=yes
ac_cv_header_sys_stat_h=yes
ac_cv_header_sys_types_h=yes
ac_cv_header_unistd_h=yes
ac_cv_host=x86_64-unknown-linux-gnu
ac_cv_objext=o
ac_cv_path_DOXYGEN=/usr/bin/doxygen
ac_cv_path_EGREP='/usr/bin/grep -E'
ac_cv_path_FGREP='/usr/bin/grep -F'
ac_cv_path_GREP=/usr/bin/grep
ac_cv_path_PDFLATEX=/afs/cern.ch/user/a/atlaspo/workspace/texlive/2011/bin/x86_64-linux/pdflatex
ac_cv_path_PYTHON=/usr/bin/python
ac_cv_path_SED=/usr/bin/sed
ac_cv_path_install='/usr/bin/install -c'
ac_cv_path_mkdir=/usr/bin/mkdir
ac_cv_prog_AWK=gawk
ac_cv_prog_CPP='/cvmfs/sft.cern.ch/lcg/releases/LCG_85/gcc/4.9.3/x86_64-slc6-gcc49-opt/bin/gcc -E'
ac_cv_prog_CXXCPP='/cvmfs/sft.cern.ch/lcg/releases/LCG_85/gcc/4.9.3/x86_64-slc6-gcc49-opt/bin/g++ -E'
ac_cv_prog_ac_ct_AR=ar
ac_cv_prog_ac_ct_CC=/cvmfs/sft.cern.ch/lcg/releases/LCG_85/gcc/4.9.3/x86_64-slc6-gcc49-opt/bin/gcc
ac_cv_prog_ac_ct_OBJDUMP=objdump
ac_cv_prog_ac_ct_RANLIB=ranlib
ac_cv_prog_ac_ct_STRIP=strip
ac_cv_prog_cc_c89=
ac_cv_prog_cc_g=yes
ac_cv_prog_cxx_g=yes
ac_cv_prog_make_make_set=yes
am_cv_CC_dependencies_compiler_type=gcc3
am_cv_CXX_dependencies_compiler_type=gcc3
am_cv_make_support_nested_variables=yes
am_cv_prog_cc_c_o=yes
am_cv_python_platform=linux2
am_cv_python_pyexecdir='${exec_prefix}/lib64/python2.7/site-packages'
am_cv_python_pythondir='${prefix}/lib/python2.7/site-packages'
am_cv_python_version=2.7
boost_cv_inc_path=yes
boost_cv_lib_version=1_53
lt_cv_ar_at_file=@
lt_cv_archive_cmds_need_lc=no
lt_cv_deplibs_check_method=pass_all
lt_cv_file_magic_cmd='$MAGIC_CMD'
lt_cv_file_magic_test_file=
lt_cv_ld_reload_flag=-r
lt_cv_nm_interface='BSD nm'
lt_cv_objdir=.libs
lt_cv_path_LD=/usr/bin/ld
lt_cv_path_LDCXX='/usr/bin/ld -m elf_x86_64'
lt_cv_path_NM='/usr/bin/nm -B'
lt_cv_path_mainfest_tool=no
lt_cv_prog_compiler_c_o=yes
lt_cv_prog_compiler_c_o_CXX=yes
lt_cv_prog_compiler_pic='-fPIC -DPIC'
lt_cv_prog_compiler_pic_CXX='-fPIC -DPIC'
lt_cv_prog_compiler_pic_works=yes
lt_cv_prog_compiler_pic_works_CXX=yes
lt_cv_prog_compiler_rtti_exceptions=no
lt_cv_prog_compiler_static_works=yes
lt_cv_prog_compiler_static_works_CXX=yes
lt_cv_prog_gnu_ld=yes
lt_cv_prog_gnu_ldcxx=yes
lt_cv_sharedlib_from_linklib_cmd='printf %s\n'
lt_cv_shlibpath_overrides_runpath=no
lt_cv_sys_global_symbol_pipe='sed -n -e '\''s/^.*[	 ]\([ABCDGIRSTW][ABCDGIRSTW]*\)[	 ][	 ]*\([_A-Za-z][_A-Za-z0-9]*\)$/\1 \2 \2/p'\'' | sed '\''/ __gnu_lto/d'\'''
lt_cv_sys_global_symbol_to_c_name_address='sed -n -e '\''s/^: \([^ ]*\)[ ]*$/  {\"\1\", (void *) 0},/p'\'' -e '\''s/^[ABCDGIRSTW]* \([^ ]*\) \([^ ]*\)$/  {"\2", (void *) \&\2},/p'\'''
lt_cv_sys_global_symbol_to_c_name_address_lib_prefix='sed -n -e '\''s/^: \([^ ]*\)[ ]*$/  {\"\1\", (void *) 0},/p'\'' -e '\''s/^[ABCDGIRSTW]* \([^ ]*\) \(lib[^ ]*\)$/  {"\2", (void *) \&\2},/p'\'' -e '\''s/^[ABCDGIRSTW]* \([^ ]*\) \([^ ]*\)$/  {"lib\2", (void *) \&\2},/p'\'''
lt_cv_sys_global_symbol_to_cdecl='sed -n -e '\''s/^T .* \(.*\)$/extern int \1();/p'\'' -e '\''s/^[ABCDGIRSTW]* .* \(.*\)$/extern char \1;/p'\'''
lt_cv_sys_max_cmd_len=1572864
lt_cv_to_host_file_cmd=func_convert_file_noop
lt_cv_to_tool_file_cmd=func_convert_file_noop
py_cv_cython=yes

## ----------------- ##
## Output variables. ##
## ----------------- ##

ACLOCAL='${SHELL} /afs/cern.ch/user/d/dsatco/herbvi6500/lhapdf/LHAPDF-6.1.6/config/missing aclocal-1.15'
AMDEPBACKSLASH='\'
AMDEP_FALSE='#'
AMDEP_TRUE=''
AMTAR='$${TAR-tar}'
AM_BACKSLASH='\'
AM_CPPFLAGS=''
AM_CXXFLAGS=' -pedantic  -Wall  -Wno-long-long '
AM_DEFAULT_V='$(AM_DEFAULT_VERBOSITY)'
AM_DEFAULT_VERBOSITY='0'
AM_LDFLAGS=''
AM_V='$(V)'
AR='ar'
AUTOCONF='${SHELL} /afs/cern.ch/user/d/dsatco/herbvi6500/lhapdf/LHAPDF-6.1.6/config/missing autoconf'
AUTOHEADER='${SHELL} /afs/cern.ch/user/d/dsatco/herbvi6500/lhapdf/LHAPDF-6.1.6/config/missing autoheader'
AUTOMAKE='${SHELL} /afs/cern.ch/user/d/dsatco/herbvi6500/lhapdf/LHAPDF-6.1.6/config/missing automake-1.15'
AWK='gawk'
BOOST_CPPFLAGS=''
BOOST_ROOT=''
CC='/cvmfs/sft.cern.ch/lcg/releases/LCG_85/gcc/4.9.3/x86_64-slc6-gcc49-opt/bin/gcc'
CCDEPMODE='depmode=gcc3'
CFLAGS='-g -O2'
CPP='/cvmfs/sft.cern.ch/lcg/releases/LCG_85/gcc/4.9.3/x86_64-slc6-gcc49-opt/bin/gcc -E'
CPPFLAGS=' -I/afs/cern.ch/user/d/dsatco/herbvi6500/include'
CXX='/cvmfs/sft.cern.ch/lcg/releases/LCG_85/gcc/4.9.3/x86_64-slc6-gcc49-opt/bin/g++'
CXXCPP='/cvmfs/sft.cern.ch/lcg/releases/LCG_85/gcc/4.9.3/x86_64-slc6-gcc49-opt/bin/g++ -E'
CXXDEPMODE='depmode=gcc3'
CXXFLAGS='-O3'
CYGPATH_W='echo'
DEFS='-DHAVE_CONFIG_H'
DEPDIR='.deps'
DISTCHECK_CONFIGURE_FLAGS=' '\''--with-boost='\'''
DLLTOOL='false'
DOXYGEN='/usr/bin/doxygen'
DSYMUTIL=''
DUMPBIN=''
ECHO_C=''
ECHO_N='-n'
ECHO_T=''
EGREP='/usr/bin/grep -E'
ENABLE_LHAGLUE_CXX_FALSE='#'
ENABLE_LHAGLUE_CXX_TRUE=''
ENABLE_LHAGLUE_FALSE='#'
ENABLE_LHAGLUE_TRUE=''
EXEEXT=''
FGREP='/usr/bin/grep -F'
GREP='/usr/bin/grep'
HAVE_CXX11=''
INSTALL_DATA='${INSTALL} -m 644'
INSTALL_PROGRAM='${INSTALL}'
INSTALL_SCRIPT='${INSTALL}'
INSTALL_STRIP_PROGRAM='$(install_sh) -c -s'
LD='/usr/bin/ld -m elf_x86_64'
LDFLAGS=' -L/afs/cern.ch/user/d/dsatco/herbvi6500/lib'
LIBOBJS=''
LIBS=''
LIBTOOL='$(SHELL) $(top_builddir)/libtool'
LIPO=''
LN_S='ln -s'
LTLIBOBJS=''
MAKEINFO='${SHELL} /afs/cern.ch/user/d/dsatco/herbvi6500/lhapdf/LHAPDF-6.1.6/config/missing makeinfo'
MANIFEST_TOOL=':'
MKDIR_P='/usr/bin/mkdir -p'
NM='/usr/bin/nm -B'
NMEDIT=''
OBJDUMP='objdump'
OBJEXT='o'
OTOOL64=''
OTOOL=''
PACKAGE='LHAPDF'
PACKAGE_BUGREPORT='lhapdf@projects.hepforge.org'
PACKAGE_NAME='LHAPDF'
PACKAGE_STRING='LHAPDF 6.1.6'
PACKAGE_TARNAME='LHAPDF'
PACKAGE_URL=''
PACKAGE_VERSION='6.1.6'
PATH_SEPARATOR=':'
PDFLATEX='/afs/cern.ch/user/a/atlaspo/workspace/texlive/2011/bin/x86_64-linux/pdflatex'
PYTHON='/usr/bin/python'
PYTHON_EXEC_PREFIX='${exec_prefix}'
PYTHON_PATH='/afs/cern.ch/user/d/dsatco/herbvi6500/lib64/python2.7/site-packages'
PYTHON_PLATFORM='linux2'
PYTHON_PREFIX='${prefix}'
PYTHON_VERSION='2.7'
RANLIB='ranlib'
SED='/usr/bin/sed'
SET_MAKE=''
SHELL='/bin/sh'
STRIP='strip'
SWVERS=''
VERSION='6.1.6'
WITH_CYTHON_FALSE='#'
WITH_CYTHON_TRUE=''
WITH_DOXYGEN_FALSE='#'
WITH_DOXYGEN_TRUE=''
WITH_OSX_FALSE=''
WITH_OSX_TRUE='#'
WITH_PDFLATEX_FALSE='#'
WITH_PDFLATEX_TRUE=''
WITH_PYTHON_FALSE='#'
WITH_PYTHON_TRUE=''
ac_ct_AR='ar'
ac_ct_CC='/cvmfs/sft.cern.ch/lcg/releases/LCG_85/gcc/4.9.3/x86_64-slc6-gcc49-opt/bin/gcc'
ac_ct_CXX=''
ac_ct_DUMPBIN=''
am__EXEEXT_FALSE=''
am__EXEEXT_TRUE='#'
am__fastdepCC_FALSE='#'
am__fastdepCC_TRUE=''
am__fastdepCXX_FALSE='#'
am__fastdepCXX_TRUE=''
am__include='include'
am__isrc=''
am__leading_dot='.'
am__nodep='_no'
am__quote=''
am__tar='$${TAR-tar} chof - "$$tardir"'
am__untar='$${TAR-tar} xf -'
bindir='${exec_prefix}/bin'
build='x86_64-unknown-linux-gnu'
build_alias=''
build_cpu='x86_64'
build_os='linux-gnu'
build_vendor='unknown'
datadir='${datarootdir}'
datarootdir='${prefix}/share'
docdir='${datarootdir}/doc/${PACKAGE_TARNAME}'
dvidir='${docdir}'
exec_prefix='${prefix}'
host='x86_64-unknown-linux-gnu'
host_alias=''
host_cpu='x86_64'
host_os='linux-gnu'
host_vendor='unknown'
htmldir='${docdir}'
includedir='${prefix}/include'
infodir='${datarootdir}/info'
install_sh='${SHELL} /afs/cern.ch/user/d/dsatco/herbvi6500/lhapdf/LHAPDF-6.1.6/config/install-sh'
libdir='${exec_prefix}/lib'
libexecdir='${exec_prefix}/libexec'
localedir='${datarootdir}/locale'
localstatedir='${prefix}/var'
mandir='${datarootdir}/man'
mkdir_p='$(MKDIR_P)'
oldincludedir='/usr/include'
pdfdir='${docdir}'
pkgpyexecdir='${pyexecdir}/LHAPDF'
pkgpythondir='${pythondir}/LHAPDF'
prefix='/afs/cern.ch/user/d/dsatco/herbvi6500'
program_transform_name='s,x,x,'
psdir='${docdir}'
pyexecdir='${exec_prefix}/lib64/python2.7/site-packages'
pythondir='${prefix}/lib/python2.7/site-packages'
sbindir='${exec_prefix}/sbin'
sharedstatedir='${prefix}/com'
sysconfdir='${prefix}/etc'
target_alias=''

## ----------- ##
## confdefs.h. ##
## ----------- ##

/* confdefs.h */
#define PACKAGE_NAME "LHAPDF"
#define PACKAGE_TARNAME "LHAPDF"
#define PACKAGE_VERSION "6.1.6"
#define PACKAGE_STRING "LHAPDF 6.1.6"
#define PACKAGE_BUGREPORT "lhapdf@projects.hepforge.org"
#define PACKAGE_URL ""
#define PACKAGE "LHAPDF"
#define VERSION "6.1.6"
#define LHAPDF_VERSION "6.1.6"
#define LHAPDF_VERSION_CODE 60106
#define STDC_HEADERS 1
#define HAVE_SYS_TYPES_H 1
#define HAVE_SYS_STAT_H 1
#define HAVE_STDLIB_H 1
#define HAVE_STRING_H 1
#define HAVE_MEMORY_H 1
#define HAVE_STRINGS_H 1
#define HAVE_INTTYPES_H 1
#define HAVE_STDINT_H 1
#define HAVE_UNISTD_H 1
#define HAVE_DLFCN_H 1
#define LT_OBJDIR ".libs/"
#define LHAPDF_PDFLIB 1
#define LHAPDF_LHA5CXX 1
#define HAVE_BOOST 1
#define HAVE_BOOST_FOREACH_HPP 1
#define HAVE_BOOST_SCOPED_PTR_HPP 1
#define HAVE_BOOST_SHARED_PTR_HPP 1
#define HAVE_BOOST_ALGORITHM_STRING_HPP 1
#define HAVE_BOOST_LEXICAL_CAST_HPP 1
#define HAVE_BOOST_RANGE_HPP 1
#define HAVE_BOOST_BIND_HPP 1
#define HAVE_BOOST_RANDOM_HPP 1
#define HAVE_BOOST_MATH_DISTRIBUTIONS_CHI_SQUARED_HPP 1
#define HAVE_BOOST_MATH_SPECIAL_FUNCTIONS_ERF_HPP 1

configure: exit 0
